Start testing: May 08 19:14 HKT
----------------------------------------------------------
1/6 Testing: TutorialRuns
1/6 Test: TutorialRuns
Command: "/home/fzeng/CMakeTest/build/Tutorial" "25"
Directory: /home/fzeng/CMakeTest/build
"TutorialRuns" start time: May 08 19:14 HKT
Output:
----------------------------------------------------------
The square root of 25 is 12.5
<end of output>
Test time =   0.00 sec
----------------------------------------------------------
Test Passed.
"TutorialRuns" end time: May 08 19:14 HKT
"TutorialRuns" time elapsed: 00:00:00
----------------------------------------------------------

2/6 Testing: TutorialHalf25
2/6 Test: TutorialHalf25
Command: "/home/fzeng/CMakeTest/build/Tutorial" "25"
Directory: /home/fzeng/CMakeTest/build
"TutorialHalf25" start time: May 08 19:14 HKT
Output:
----------------------------------------------------------
The square root of 25 is 12.5
<end of output>
Test time =   0.00 sec
----------------------------------------------------------
Test Pass Reason:
Required regular expression found.Regex=[25 is 12.5
]
"TutorialHalf25" end time: May 08 19:14 HKT
"TutorialHalf25" time elapsed: 00:00:00
----------------------------------------------------------

3/6 Testing: TutorialComp25
3/6 Test: TutorialComp25
Command: "/home/fzeng/CMakeTest/build/Tutorial" "25"
Directory: /home/fzeng/CMakeTest/build
"TutorialComp25" start time: May 08 19:14 HKT
Output:
----------------------------------------------------------
The square root of 25 is 12.5
<end of output>
Test time =   0.00 sec
----------------------------------------------------------
Test Fail Reason:
Required regular expression not found.Regex=[25 is 5
]
"TutorialComp25" end time: May 08 19:14 HKT
"TutorialComp25" time elapsed: 00:00:00
----------------------------------------------------------

4/6 Testing: TutorialUsage
4/6 Test: TutorialUsage
Command: "/home/fzeng/CMakeTest/build/Tutorial"
Directory: /home/fzeng/CMakeTest/build
"TutorialUsage" start time: May 08 19:14 HKT
Output:
----------------------------------------------------------
/home/fzeng/CMakeTest/build/Tutorial Version 1.1
Usage: /home/fzeng/CMakeTest/build/Tutorial number
<end of output>
Test time =   0.00 sec
----------------------------------------------------------
Test Pass Reason:
Required regular expression found.Regex=[Usage: .*number
]
"TutorialUsage" end time: May 08 19:14 HKT
"TutorialUsage" time elapsed: 00:00:00
----------------------------------------------------------

5/6 Testing: TutorialComp4
5/6 Test: TutorialComp4
Command: "/home/fzeng/CMakeTest/build/Tutorial" "4"
Directory: /home/fzeng/CMakeTest/build
"TutorialComp4" start time: May 08 19:14 HKT
Output:
----------------------------------------------------------
The square root of 4 is 2
<end of output>
Test time =   0.00 sec
----------------------------------------------------------
Test Pass Reason:
Required regular expression found.Regex=[4 is 2
]
"TutorialComp4" end time: May 08 19:14 HKT
"TutorialComp4" time elapsed: 00:00:00
----------------------------------------------------------

6/6 Testing: TutorialComp9
6/6 Test: TutorialComp9
Command: "/home/fzeng/CMakeTest/build/Tutorial" "9"
Directory: /home/fzeng/CMakeTest/build
"TutorialComp9" start time: May 08 19:14 HKT
Output:
----------------------------------------------------------
The square root of 9 is 4.5
<end of output>
Test time =   0.00 sec
----------------------------------------------------------
Test Fail Reason:
Required regular expression not found.Regex=[9 is 3
]
"TutorialComp9" end time: May 08 19:14 HKT
"TutorialComp9" time elapsed: 00:00:00
----------------------------------------------------------

End testing: May 08 19:14 HKT
