<?xml version="1.0" encoding="UTF-8"?>
<Site BuildName="Linux-c++"
	BuildStamp="20170508-1124-Experimental"
	Name="fzeng-OptiPlex-9010"
	Generator="ctest-2.8.12.2"
	CompilerName="/usr/bin/c++"
	OSName="Linux"
	Hostname="fzeng-OptiPlex-9010"
	OSRelease="4.4.0-75-generic"
	OSVersion="#96~14.04.1-Ubuntu SMP Thu Apr 20 11:06:30 UTC 2017"
	OSPlatform="x86_64"
	Is64Bits="1"
	VendorString="GenuineIntel"
	VendorID="Intel Corporation"
	FamilyID="6"
	ModelID="58"
	ProcessorCacheSize="6144"
	NumberOfLogicalCPU="4"
	NumberOfPhysicalCPU="4"
	TotalVirtualMemory="0"
	TotalPhysicalMemory="16002"
	LogicalProcessorsPerPhysical="1"
	ProcessorClockFrequency="2262.12"
>
<Testing>
	<StartDateTime>May 08 19:24 HKT</StartDateTime>
	<StartTestTime>1494242697</StartTestTime>
	<TestList>
		<Test>./TutorialRuns</Test>
		<Test>./TutorialHalf25</Test>
		<Test>./TutorialComp25</Test>
		<Test>./TutorialUsage</Test>
		<Test>./TutorialComp4</Test>
		<Test>./TutorialComp9</Test>
	</TestList>
	<Test Status="passed">
		<Name>TutorialRuns</Name>
		<Path>.</Path>
		<FullName>./TutorialRuns</FullName>
		<FullCommandLine>/home/fzeng/CMakeTest/build/Tutorial &quot;25&quot;</FullCommandLine>
		<Results>
			<NamedMeasurement type="numeric/double" name="Execution Time"><Value>0.00093317</Value></NamedMeasurement>
			<NamedMeasurement type="text/string" name="Completion Status"><Value>Completed</Value></NamedMeasurement>
			<NamedMeasurement type="text/string" name="Command Line"><Value>/home/fzeng/CMakeTest/build/Tutorial &quot;25&quot;</Value></NamedMeasurement>
			<Measurement>
				<Value>The square root of 25 is 12.5
</Value>
			</Measurement>
		</Results>
	</Test>
	<Test Status="passed">
		<Name>TutorialHalf25</Name>
		<Path>.</Path>
		<FullName>./TutorialHalf25</FullName>
		<FullCommandLine>/home/fzeng/CMakeTest/build/Tutorial &quot;25&quot;</FullCommandLine>
		<Results>
			<NamedMeasurement type="numeric/double" name="Execution Time"><Value>0.000854969</Value></NamedMeasurement>
			<NamedMeasurement type="text/string" name="Pass Reason"><Value>Required regular expression found.Regex=[25 is 12.5
]</Value></NamedMeasurement>
			<NamedMeasurement type="text/string" name="Completion Status"><Value>Completed</Value></NamedMeasurement>
			<NamedMeasurement type="text/string" name="Command Line"><Value>/home/fzeng/CMakeTest/build/Tutorial &quot;25&quot;</Value></NamedMeasurement>
			<Measurement>
				<Value>The square root of 25 is 12.5
</Value>
			</Measurement>
		</Results>
	</Test>
	<Test Status="failed">
		<Name>TutorialComp25</Name>
		<Path>.</Path>
		<FullName>./TutorialComp25</FullName>
		<FullCommandLine>/home/fzeng/CMakeTest/build/Tutorial &quot;25&quot;</FullCommandLine>
		<Results>
			<NamedMeasurement type="text/string" name="Exit Code"><Value>Failed</Value></NamedMeasurement>
			<NamedMeasurement type="text/string" name="Exit Value"><Value>0</Value></NamedMeasurement>
			<NamedMeasurement type="numeric/double" name="Execution Time"><Value>0.000782967</Value></NamedMeasurement>
			<NamedMeasurement type="text/string" name="Fail Reason"><Value>Required regular expression not found.Regex=[25 is 5
]</Value></NamedMeasurement>
			<NamedMeasurement type="text/string" name="Completion Status"><Value>Completed</Value></NamedMeasurement>
			<NamedMeasurement type="text/string" name="Command Line"><Value>/home/fzeng/CMakeTest/build/Tutorial &quot;25&quot;</Value></NamedMeasurement>
			<Measurement>
				<Value>The square root of 25 is 12.5
</Value>
			</Measurement>
		</Results>
	</Test>
	<Test Status="passed">
		<Name>TutorialUsage</Name>
		<Path>.</Path>
		<FullName>./TutorialUsage</FullName>
		<FullCommandLine>/home/fzeng/CMakeTest/build/Tutorial</FullCommandLine>
		<Results>
			<NamedMeasurement type="text/string" name="Exit Code"><Value>Completed</Value></NamedMeasurement>
			<NamedMeasurement type="text/string" name="Exit Value"><Value>1</Value></NamedMeasurement>
			<NamedMeasurement type="numeric/double" name="Execution Time"><Value>0.001086</Value></NamedMeasurement>
			<NamedMeasurement type="text/string" name="Pass Reason"><Value>Required regular expression found.Regex=[Usage: .*number
]</Value></NamedMeasurement>
			<NamedMeasurement type="text/string" name="Completion Status"><Value>Completed</Value></NamedMeasurement>
			<NamedMeasurement type="text/string" name="Command Line"><Value>/home/fzeng/CMakeTest/build/Tutorial</Value></NamedMeasurement>
			<Measurement>
				<Value>/home/fzeng/CMakeTest/build/Tutorial Version 1.1
Usage: /home/fzeng/CMakeTest/build/Tutorial number
</Value>
			</Measurement>
		</Results>
	</Test>
	<Test Status="passed">
		<Name>TutorialComp4</Name>
		<Path>.</Path>
		<FullName>./TutorialComp4</FullName>
		<FullCommandLine>/home/fzeng/CMakeTest/build/Tutorial &quot;4&quot;</FullCommandLine>
		<Results>
			<NamedMeasurement type="numeric/double" name="Execution Time"><Value>0.000806093</Value></NamedMeasurement>
			<NamedMeasurement type="text/string" name="Pass Reason"><Value>Required regular expression found.Regex=[4 is 2
]</Value></NamedMeasurement>
			<NamedMeasurement type="text/string" name="Completion Status"><Value>Completed</Value></NamedMeasurement>
			<NamedMeasurement type="text/string" name="Command Line"><Value>/home/fzeng/CMakeTest/build/Tutorial &quot;4&quot;</Value></NamedMeasurement>
			<Measurement>
				<Value>The square root of 4 is 2
</Value>
			</Measurement>
		</Results>
	</Test>
	<Test Status="failed">
		<Name>TutorialComp9</Name>
		<Path>.</Path>
		<FullName>./TutorialComp9</FullName>
		<FullCommandLine>/home/fzeng/CMakeTest/build/Tutorial &quot;9&quot;</FullCommandLine>
		<Results>
			<NamedMeasurement type="text/string" name="Exit Code"><Value>Failed</Value></NamedMeasurement>
			<NamedMeasurement type="text/string" name="Exit Value"><Value>0</Value></NamedMeasurement>
			<NamedMeasurement type="numeric/double" name="Execution Time"><Value>0.000773907</Value></NamedMeasurement>
			<NamedMeasurement type="text/string" name="Fail Reason"><Value>Required regular expression not found.Regex=[9 is 3
]</Value></NamedMeasurement>
			<NamedMeasurement type="text/string" name="Completion Status"><Value>Completed</Value></NamedMeasurement>
			<NamedMeasurement type="text/string" name="Command Line"><Value>/home/fzeng/CMakeTest/build/Tutorial &quot;9&quot;</Value></NamedMeasurement>
			<Measurement>
				<Value>The square root of 9 is 4.5
</Value>
			</Measurement>
		</Results>
	</Test>
	<EndDateTime>May 08 19:24 HKT</EndDateTime>
	<EndTestTime>1494242697</EndTestTime>
<ElapsedMinutes>0</ElapsedMinutes></Testing>
</Site>
